rm -rf ./host /{*sw_emu*,*hw_emu*} 
rm -rf profile_* TempConfig system_estimate.xtxt *.rpt *.csv 
rm -rf src/*.ll *v++* .Xil emconfig.json dltmp* xmltmp* *.log *.jou *.wcfg *.wdb
rm -rf build_dir*
rm -rf package.*
rm -rf _x* *xclbin.run_summary qemu-memory-_* emulation _vimage pl* start_simulation.sh
# -rm -rf _x* *xclbin.run_summary qemu-memory-_* emulation _vimage pl* start_simulation.sh *.xclbin
-------------------------------------------------- EVALUATE_DATASET.SH: HARDWARE ACTS APPLICATION RUNNING --------------------------------------------------
python gen.py HW 0 12 0
ACTGraph (Courtesy: Jinja 2.0)...
Generating sources... 
XWARE: HW
RUNNING_SYNTHESIS: 0
NUM_PEs: 12
RUN_IN_ASYNC_MODE: 0
NUM_VALID_PEs: 1
NUM_VALID_HBM_CHANNELS: 1
EDGE_PACK_SIZE: 16
HBM_AXI_PACK_SIZE: 16
successful!
...
g++ -o host /home/oj2zf/Documents/Vitis_Accel_Examples-master/common/includes/xcl2/xcl2.cpp host_srcs/hostprocess.cpp host_srcs/prepare_graph.cpp host_srcs/act_pack.cpp host_srcs/create_act_pack.cpp host_srcs/app.cpp host_srcs/utility.cpp host_srcs/algorithm.cpp host_srcs/host.cpp -I/opt/xilinx/xrt/include -I/tools/Xilinx/Vivado/2022.2/include -Wall -O0 -g -std=c++1y -I/home/oj2zf/Documents/Vitis_Accel_Examples-master/common/includes/xcl2 -fmessage-length=0 -L/opt/xilinx/xrt/lib -pthread -lOpenCL -lrt -lstdc++  -I/opt/xilinx/xrt/include/ -I/tools/Xilinx/./Vitis_HLS/2021.2/include/ -I/tools/Xilinx/Vitis/2021.2/runtime/ -I/tools/Xilinx/Vivado/2021.2/include/ -pthread -march=native -lrt xcl.c -L/opt/Xilinx/SDx/2021.2/runtime/lib/x86_64 -lOpenCL -pthread -lrt 			
pagerank algorithm running...: dataset: com-Orkut, num fpgas: 1, xclbin: outputs/vector_addition.xclbin num_iterations: 16
Hostprocess:: Graph Analytics Started...
app::run:: app algo started. (algo: pr, numiterations: 16, rootvid: 1, graph path: /home/oj2zf/Documents/dataset/com-Orkut/com-Orkut.mtx, graph dir: 0, _binaryFile1: outputs/vector_addition.xclbin)
app: initializing HBM_axichannels...
app: *** initializing HBM_axichannels... i: 0, n: 0
app: *** initializing HBM_axichannels... i: 0, n: 1
app: *** initializing HBM_axichannels... i: 1, n: 0
app: *** initializing HBM_axichannels... i: 1, n: 1
app: *** initializing HBM_axichannels... i: 2, n: 0
app: *** initializing HBM_axichannels... i: 2, n: 1
app: *** initializing HBM_axichannels... i: 3, n: 0
app: *** initializing HBM_axichannels... i: 3, n: 1
app: *** initializing HBM_axichannels... i: 4, n: 0
app: *** initializing HBM_axichannels... i: 4, n: 1
app: *** initializing HBM_axichannels... i: 5, n: 0
app: *** initializing HBM_axichannels... i: 5, n: 1
app: *** initializing HBM_axichannels... i: 6, n: 0
app: *** initializing HBM_axichannels... i: 6, n: 1
app: *** initializing HBM_axichannels... i: 7, n: 0
app: *** initializing HBM_axichannels... i: 7, n: 1
app: *** initializing HBM_axichannels... i: 8, n: 0
app: *** initializing HBM_axichannels... i: 8, n: 1
app: *** initializing HBM_axichannels... i: 9, n: 0
app: *** initializing HBM_axichannels... i: 9, n: 1
app: *** initializing HBM_axichannels... i: 10, n: 0
app: *** initializing HBM_axichannels... i: 10, n: 1
app: *** initializing HBM_axichannels... i: 11, n: 0
app: *** initializing HBM_axichannels... i: 11, n: 1
app: initializing HBM_axicenters
app: --- initializing HBM_axichannels... i: 0, n: 0
app: --- initializing HBM_axichannels... i: 0, n: 1
app: --- initializing HBM_axichannels... i: 1, n: 0
app: --- initializing HBM_axichannels... i: 1, n: 1
app: --- initializing HBM_axichannels... i: 2, n: 0
app: --- initializing HBM_axichannels... i: 2, n: 1
app: --- initializing HBM_axichannels... i: 3, n: 0
app: --- initializing HBM_axichannels... i: 3, n: 1
app: --- initializing HBM_axichannels... i: 4, n: 0
app: --- initializing HBM_axichannels... i: 4, n: 1
app: --- initializing HBM_axichannels... i: 5, n: 0
app: --- initializing HBM_axichannels... i: 5, n: 1
app: --- initializing HBM_axichannels... i: 6, n: 0
app: --- initializing HBM_axichannels... i: 6, n: 1
app: --- initializing HBM_axichannels... i: 7, n: 0
app: --- initializing HBM_axichannels... i: 7, n: 1
prepare_graph:: preparing graph @ /home/oj2zf/Documents/dataset/com-Orkut/com-Orkut.mtx...
prepare_graph:: dataset header: num_vertices: 3073441, num_vertices2: 3073441, num_edges: 117186083
prepare_graph:: edge: srcv: 1, dstv: 2, weight: 0
prepare_graph:: edge: srcv: 1, dstv: 3, weight: 0
prepare_graph:: edge: srcv: 1, dstv: 4, weight: 0
prepare_graph:: edge: srcv: 1, dstv: 5, weight: 0
prepare_graph:: edge: srcv: 1, dstv: 6, weight: 0
prepare_graph:: edge: srcv: 1, dstv: 7, weight: 0
prepare_graph:: edge: srcv: 1, dstv: 8, weight: 0
prepare_graph:: edge: srcv: 1, dstv: 9, weight: 0
prepare_graph:: edge: srcv: 1, dstv: 10, weight: 0
prepare_graph:: edge: srcv: 1, dstv: 11, weight: 0
prepare_graph:: edge: srcv: 1, dstv: 12, weight: 0
prepare_graph:: edge: srcv: 1, dstv: 13, weight: 0
prepare_graph:: edge: srcv: 2, dstv: 5, weight: 0
prepare_graph:: edge: srcv: 2, dstv: 6, weight: 0
prepare_graph:: edge: srcv: 2, dstv: 15, weight: 0
prepare_graph:: edge: srcv: 2, dstv: 60, weight: 0
prepare_graph: loading edges 100000000
SUMMARY: linecount: 117185084, edgesbuffer.size(): 117185083
prepare_graph:: Finished Stage 1: Buffering edges of /home/oj2zf/Documents/dataset/com-Orkut/com-Orkut.mtx (num_vertices: 3073441, num_vertices2: 3073441, num_edges: 117186083)
prepare_graph: assigning variables...
prepare_graph: creating buffers...
prepare_graph: creating buffers(2)...
prepare_graph: populating inout degrees of all vertices...
prepare_graph: creating vertex pointers...
prepare_graph::start:: vptr_dup[1]: 0
prepare_graph::start:: vptr_dup[2]: 12
prepare_graph::start:: vptr_dup[3]: 123
prepare_graph::start:: vptr_dup[3072439]: 117185083
prepare_graph::start:: vptr_dup[3072440]: 117185083
prepare_graph::start:: vptr_dup[3072441]: 117185083
prepare_graph::start:: last: vptr_dup[3072441]: 117185083
prepare_graph: checking new vertex pointers created...
prepare_graph::start:: checking...
prepare_graph::start:: finished checking.
prepare_graph:: Finished Stage 3: Buffering duplicate edges of /home/oj2zf/Documents/dataset/com-Orkut/com-Orkut.mtx (num_vertices: 3072442, num_vertices2: 3073441, num_edges: 117186083, edgesbuffer_dup_size: 117185083, edgesbuffer_dup.size(): 117186083)
prepare_graph:: checking edge data for errors... 
Finished checking edge data for errors: numerrors: 0
prepare_graph:: Finished preparing /home/oj2zf/Documents/dataset/com-Orkut/com-Orkut.mtx
app:run: num_vertices: 3073442, num_edges: 117187083
app::run:: NUM_VERTICES: 3073442, NUM_EDGES: 117187083, NUM_UPARTITIONS: 24, NUM_APPLYPARTITIONS: 2, VERTEX RANGE: 256120
app::run::  vdata_subpartition_vecsize: 682
app::run::  num_subpartition_per_partition: 12
app: loading global addresses: {vptrs, edges, updates, vertexprops, frontiers}...
--_________________________--------------------- nfrontiersz_u32: 523776, vdatasz_u32: 523776, globalparams[GLOBALPARAMSCODE__WWSIZE__NFRONTIERS] = 32752 
app: universalparams.NUM_FPGAS_: 1
app: EDGE_PACK_SIZE: 16
app: HBM_CHANNEL_PACK_SIZE: 32
app: HBM_AXI_PACK_SIZE: 16
app: HBM_AXI_PACK_BITSIZE: 512
app: HBM_CHANNEL_BYTESIZE: 268435456
app: universalparams._MAX_APPLYPARTITION_VECSIZE: 8184
app: _MAX_APPLYPARTITION_SIZE: 130944
app: universalparams._MAX_UPARTITION_VECSIZE: 8184
app: _MAX_UPARTITION_SIZE: 130944
app: HBM_CHANNEL_BYTESIZE: 268435456
app: HBM_CHANNEL_SIZE: 4194304
app: UPDATES_BUFFER_PACK_SIZE: 16
app: __NUM_UPARTITIONS: 24
app: __NUM_APPLYPARTITIONS: 2
app: NUM_SUBPARTITION_PER_PARTITION: 12
app: VDATA_SUBPARTITION_VECSIZE: 682
app: UPDATES_BUFFER_PACK_SIZE: 16
=== act_pack: EDGE_PACK_SIZE: 16 ===
=== act_pack: HBM_CHANNEL_PACK_SIZE: 32 ===
=== act_pack: HBM_AXI_PACK_SIZE: 16 ===
=== act_pack: HBM_AXI_PACK_BITSIZE: 512 ===
=== act_pack: HBM_CHANNEL_BYTESIZE: 268435456 ===
=== act_pack: universalparams._MAX_APPLYPARTITION_VECSIZE: 8184 ===
=== act_pack: _MAX_APPLYPARTITION_SIZE: 130944 ===
=== act_pack: universalparams._MAX_UPARTITION_VECSIZE: 8184 ===
=== act_pack: universalparams._MAX_UPARTITION_SIZE: 130944 ===
=== act_pack: HBM_CHANNEL_BYTESIZE: 268435456 ===
=== act_pack: HBM_CHANNEL_SIZE: 4194304 ===
=== act_pack: MAX_NUM_LLPSETS: 1 ===
=== act_pack: UPDATES_BUFFER_PACK_SIZE: 16 ===
=== act_pack: ))))))))))))))))))))))))))))))) edgedatabuffer.size(): 117186083 ==))))))))))))))))))))))))))))))))))))=
+++ act_pack:: tryy: 2. 
act-pack edges:: PE: 0: edges_in_channel[0].size(): 9765424
act-pack edges:: PE: 1: edges_in_channel[1].size(): 9765424
act-pack edges:: PE: 2: edges_in_channel[2].size(): 9765424
act-pack edges:: PE: 3: edges_in_channel[3].size(): 9765424
act-pack edges:: PE: 4: edges_in_channel[4].size(): 9765424
act-pack edges:: PE: 5: edges_in_channel[5].size(): 9765424
act-pack edges:: PE: 6: edges_in_channel[6].size(): 9765424
act-pack edges:: PE: 7: edges_in_channel[7].size(): 9765423
act-pack edges:: PE: 8: edges_in_channel[8].size(): 9765423
act-pack edges:: PE: 9: edges_in_channel[9].size(): 9765423
act-pack edges:: PE: 10: edges_in_channel[10].size(): 9765423
act-pack edges:: PE: 11: edges_in_channel[11].size(): 9765423
----- ideal act-pack edges:: 9765590 ----- 
act_pack: SUCCESS 447. (min(9765423) / max(9765424)) * 100 < 30...
load_edges: loading edges [STAGE 2]: preparing edges...
loading vertex-updates ptrs...
loading raw edge updates...
loading partial-processed edge updates...
loading csr edges...
checkpoint: loading csr edges: globalparams[GLOBALPARAMSCODE__BASEOFFSET__CSREDGES]: 2849 (of 4194304)
loading act-pack edges...
checkpoint: loading act-pack edges: globalparams[GLOBALPARAMSCODE__BASEOFFSET__ACTPACKEDGES]: 2865 (of 4194304)
app:: BASEOFFSET: GLOBALPARAMSCODE__WWSIZE__ACTIONS: 32
app:: BASEOFFSET: GLOBALPARAMSCODE__WWSIZE__RAWEDGEUPDATESPTRS: 16
app:: BASEOFFSET: GLOBALPARAMSCODE__WWSIZE__EDGEUPDATESPTRS: 80
app:: BASEOFFSET: GLOBALPARAMSCODE__WWSIZE__CSRVPTRS: 16
app:: BASEOFFSET: GLOBALPARAMSCODE__WWSIZE__ACTPACKVPTRS: 80
app:: BASEOFFSET: GLOBALPARAMSCODE__WWSIZE__ACTPACKVPTRS2: 1040
app:: BASEOFFSET: GLOBALPARAMSCODE__WWSIZE__UPDATESPTRS: 17
app:: BASEOFFSET: GLOBALPARAMSCODE__WWSIZE__RAWEDGEUPDATES: 16
app:: BASEOFFSET: GLOBALPARAMSCODE__WWSIZE__PARTIALLYPROCESSEDEDGEUPDATES: 1040
app:: BASEOFFSET: GLOBALPARAMSCODE__WWSIZE__CSREDGES: 16
app:: BASEOFFSET: GLOBALPARAMSCODE__WWSIZE__ACTPACKEDGES: 0
app:: BASEOFFSET: GLOBALPARAMSCODE__WWSIZE__VERTEXUPDATES: 0
app:: BASEOFFSET: GLOBALPARAMSCODE__WWSIZE__EDGEUPDATES: 0
app:: BASEOFFSET: GLOBALPARAMSCODE__WWSIZE__VDATAS: 0
app:: BASEOFFSET: GLOBALPARAMSCODE__WWSIZE__CFRONTIERSTMP: 0
app:: BASEOFFSET: GLOBALPARAMSCODE__WWSIZE__NFRONTIERS: 0
app:: BASEOFFSET: GLOBALPARAMSCODE__BASEOFFSET__ACTIONS: 512
app:: BASEOFFSET: GLOBALPARAMSCODE__BASEOFFSET__RAWEDGEUPDATESPTRS: 544
app:: BASEOFFSET: GLOBALPARAMSCODE__BASEOFFSET__EDGEUPDATESPTRS: 1696
app:: BASEOFFSET: GLOBALPARAMSCODE__BASEOFFSET__CSRVPTRS: 560
app:: BASEOFFSET: GLOBALPARAMSCODE__BASEOFFSET__ACTPACKVPTRS: 576
app:: BASEOFFSET: GLOBALPARAMSCODE__BASEOFFSET__ACTPACKVPTRS2: 656
app:: BASEOFFSET: GLOBALPARAMSCODE__BASEOFFSET__UPDATESPTRS: 1776
app:: BASEOFFSET: GLOBALPARAMSCODE__BASEOFFSET__RAWEDGEUPDATES: 1793
app:: BASEOFFSET: GLOBALPARAMSCODE__BASEOFFSET__PARTIALLYPROCESSEDEDGEUPDATES: 1809
app:: BASEOFFSET: GLOBALPARAMSCODE__BASEOFFSET__CSREDGES: 2849
app:: BASEOFFSET: GLOBALPARAMSCODE__BASEOFFSET__ACTPACKEDGES: 2865
app:: BASEOFFSET: GLOBALPARAMSCODE__BASEOFFSET__VERTEXUPDATES: 0
app:: BASEOFFSET: GLOBALPARAMSCODE__BASEOFFSET__EDGEUPDATES: 0
app:: BASEOFFSET: GLOBALPARAMSCODE__BASEOFFSET__VDATAS: 0
app:: BASEOFFSET: GLOBALPARAMSCODE__BASEOFFSET__CFRONTIERSTMP: 0
app:: BASEOFFSET: GLOBALPARAMSCODE__BASEOFFSET__NFRONTIERS: 0
app:: BASEOFFSET: GLOBALPARAMSCODE__BASEOFFSET__END: 0 (of 4194304 wide-words) (0 bytes)
app:: BASEOFFSET: GLOBALPARAMSCODE__PARAM__NUM_VERTICES: 3073442
app:: BASEOFFSET: GLOBALPARAMSCODE__PARAM__NUM_EDGES: 117187083
### app: lenght (ww): 631725, lenght: 10107600
### app: returned_volume_size (ww): 631725, returned_volume_size: 10107600
### app: max_lenght (ww): 631725, max_lenght: 10107600
### app: min_lenght (ww): 631725, min_lenght: 10107600
### app: total_lenght (ww): 631725, total_lenght: 10107600 (ideal lenght: 9765590) (=>3 % increase)
checkpoint: loading vertex updates: globalparams[GLOBALPARAMSCODE__BASEOFFSET__ACTPACKEDGES]: 2865 (of 4194304)
loading vertex updates...
checkpoint: loading vertex updates: globalparams[GLOBALPARAMSCODE__BASEOFFSET__VERTEXUPDATES]: 635630 (of 4194304)
loading edge updates (actpack format)...
loading csr edges...
checkpoint: loading vertex updates: globalparams[GLOBALPARAMSCODE__BASEOFFSET__EDGEUPDATES]: 1268395 (of 4194304)
loading vertex properties...
checkpoint: loading vertex properties: globalparams[GLOBALPARAMSCODE__BASEOFFSET__VDATAS]: 1900136 (of 4194304)
loading cfrontier...
checkpoint: loading cfrontier: globalparams[GLOBALPARAMSCODE__BASEOFFSET__CFRONTIERSTMP]: 1916520 (of 4194304)
loading nfrontier...
loading nfrontier: globalparams[GLOBALPARAMSCODE__BASEOFFSET__NFRONTIERS]: 1924720 (of 4194304)
app:: BASEOFFSET: GLOBALPARAMSCODE__WWSIZE__ACTIONS: 32
app:: BASEOFFSET: GLOBALPARAMSCODE__WWSIZE__RAWEDGEUPDATESPTRS: 16
app:: BASEOFFSET: GLOBALPARAMSCODE__WWSIZE__EDGEUPDATESPTRS: 80
app:: BASEOFFSET: GLOBALPARAMSCODE__WWSIZE__CSRVPTRS: 16
app:: BASEOFFSET: GLOBALPARAMSCODE__WWSIZE__ACTPACKVPTRS: 80
app:: BASEOFFSET: GLOBALPARAMSCODE__WWSIZE__ACTPACKVPTRS2: 1040
app:: BASEOFFSET: GLOBALPARAMSCODE__WWSIZE__UPDATESPTRS: 17
app:: BASEOFFSET: GLOBALPARAMSCODE__WWSIZE__RAWEDGEUPDATES: 16
app:: BASEOFFSET: GLOBALPARAMSCODE__WWSIZE__PARTIALLYPROCESSEDEDGEUPDATES: 1040
app:: BASEOFFSET: GLOBALPARAMSCODE__WWSIZE__CSREDGES: 16
app:: BASEOFFSET: GLOBALPARAMSCODE__WWSIZE__ACTPACKEDGES: 632765
app:: BASEOFFSET: GLOBALPARAMSCODE__WWSIZE__VERTEXUPDATES: 632765
app:: BASEOFFSET: GLOBALPARAMSCODE__WWSIZE__EDGEUPDATES: 631741
app:: BASEOFFSET: GLOBALPARAMSCODE__WWSIZE__VDATAS: 16384
app:: BASEOFFSET: GLOBALPARAMSCODE__WWSIZE__CFRONTIERSTMP: 8200
app:: BASEOFFSET: GLOBALPARAMSCODE__WWSIZE__NFRONTIERS: 32752
app:: BASEOFFSET: GLOBALPARAMSCODE__BASEOFFSET__ACTIONS: 512
app:: BASEOFFSET: GLOBALPARAMSCODE__BASEOFFSET__RAWEDGEUPDATESPTRS: 544
app:: BASEOFFSET: GLOBALPARAMSCODE__BASEOFFSET__EDGEUPDATESPTRS: 1696
app:: BASEOFFSET: GLOBALPARAMSCODE__BASEOFFSET__CSRVPTRS: 560
app:: BASEOFFSET: GLOBALPARAMSCODE__BASEOFFSET__ACTPACKVPTRS: 576
app:: BASEOFFSET: GLOBALPARAMSCODE__BASEOFFSET__ACTPACKVPTRS2: 656
app:: BASEOFFSET: GLOBALPARAMSCODE__BASEOFFSET__UPDATESPTRS: 1776
app:: BASEOFFSET: GLOBALPARAMSCODE__BASEOFFSET__RAWEDGEUPDATES: 1793
app:: BASEOFFSET: GLOBALPARAMSCODE__BASEOFFSET__PARTIALLYPROCESSEDEDGEUPDATES: 1809
app:: BASEOFFSET: GLOBALPARAMSCODE__BASEOFFSET__CSREDGES: 2849
app:: BASEOFFSET: GLOBALPARAMSCODE__BASEOFFSET__ACTPACKEDGES: 2865
app:: BASEOFFSET: GLOBALPARAMSCODE__BASEOFFSET__VERTEXUPDATES: 635630
app:: BASEOFFSET: GLOBALPARAMSCODE__BASEOFFSET__EDGEUPDATES: 1268395
app:: BASEOFFSET: GLOBALPARAMSCODE__BASEOFFSET__VDATAS: 1900136
app:: BASEOFFSET: GLOBALPARAMSCODE__BASEOFFSET__CFRONTIERSTMP: 1916520
app:: BASEOFFSET: GLOBALPARAMSCODE__BASEOFFSET__NFRONTIERS: 1924720
app:: BASEOFFSET: GLOBALPARAMSCODE__BASEOFFSET__END: 1957472 (of 4194304 wide-words) (250556416 bytes)
app:: BASEOFFSET: GLOBALPARAMSCODE__PARAM__NUM_VERTICES: 3073442
app:: BASEOFFSET: GLOBALPARAMSCODE__PARAM__NUM_EDGES: 117187083
host::run::  NUM_FPGAS: 1
host::run::  NUM_PEs: 12
host::run::  universalparams.GLOBAL_NUM_PEs_: 12
host::run::  RUN_IN_ASYNC_MODE: 0
host::run::  _PE_BATCH_SIZE: 24
host::run::  GF_BATCH_SIZE: 24
host::run::  AU_BATCH_SIZE: 2
host::run::  IMPORT_BATCH_SIZE: 24
host::run::  EXPORT_BATCH_SIZE: 24
host::runapp_sync: universalparams.NUM_FPGAS_: 1 ---
host::runapp_sync: NUM_HBM_ARGS: 2 ---
host::runapp_sync: ARRAY_SIZE: 31319552 ---
host::runapp_sync: HBM_CHANNEL_SIZE: 4194304 ---
host::runapp_sync: _IMPORT_EXPORT_GRANULARITY_VECSIZE: 8184 ---
host::runapp_sync: hbm_channel_wwsize * HBM_AXI_PACK_SIZE: 31319552 ---
Creating Context...
Found Platform
Platform Name: Xilinx
host:: FPGA 0 device name: xilinx_u280_gen3x16_xdma_base_1
------------------------------------------- host: 1 devices found. -------------------------------------------
Initializing OpenCL objects
Creating Context[0]...
INFO: Reading outputs/vector_addition.xclbin
Loading: 'outputs/vector_addition.xclbin'
--- host::runapp_sync: bytes_per_iteration: 125278208, bytesc_per_iteration: 268435456 ---
host:: allocating channel buffers...
host:: allocating vertex property buffers...
Creating Ext pointers...
Creating Buffers...
Creating Buffer 0 (fpga 0)...
Creating Buffer 1 (fpga 0)...
Creating Center Buffers...
Creating Center Buffer 0...
Creating Center Buffer 1...
Creating I/O Buffers...
Setting Kernel Arguments...
Setting the k_vadd Argument for argument 0...
Setting the k_vadd Argument for argument 1...
Setting Kernel Arguments (center HBM)...
Setting Kernel Argument for argument 2...
Setting Kernel Argument for argument 3...
Copying data (Host to Device)...
Copying data @ channel 0 (Host to Device)...
Copying data @ channel 1 (Host to Device)...
Copying data @ center channel 0 (Host to Device)...
Copying data @ center channel 1 (Host to Device)...
>>> %%%% write-to-FPGA time elapsed : 75.00 ms, 75000.00 microsecs, 
host: end of iteration 0: 12 active vertices generated, 12 edges processed in (0.00 ms, 0.00 microsecs)
host: end of iteration 1: 469 active vertices generated, 561 edges processed in (0.00 ms, 0.00 microsecs)
host: end of iteration 2: 26611 active vertices generated, 36419 edges processed in (2.00 ms, 2000.00 microsecs)
host: end of iteration 3: 777010 active vertices generated, 2588347 edges processed in (101.00 ms, 101000.00 microsecs)
host: end of iteration 4: 2241220 active vertices generated, 49180934 edges processed in (1343.00 ms, 1343000.00 microsecs)
host: end of iteration 5: 26631 active vertices generated, 65239260 edges processed in (1671.00 ms, 1671000.00 microsecs)
host: end of iteration 6: 487 active vertices generated, 139441 edges processed in (6.00 ms, 6000.00 microsecs)
no more activer vertices to process. breaking out @ iteration 7... 
host: active partitions for iteration: 0:  (0 partitions)
host: active partitions for iteration: 1: 0,  (1 partitions)
host: active partitions for iteration: 2: 0, 21,  (2 partitions)
host: active partitions for iteration: 3: 0, 1, 2, 3, 4, 5, 6, 7, 8, 14, 15, 16, 17, 18, 19, 20, 21, 22, 23,  (19 partitions)
host: active partitions for iteration: 4: 0, 1, 2, 3, 4, 5, 6, 7, 8, 9, 10, 11, 12, 13, 14, 15, 16, 17, 18, 19, 20, 21, 22, 23,  (24 partitions)
host: active partitions for iteration: 5: 0, 1, 2, 3, 4, 5, 6, 7, 8, 9, 10, 11, 12, 13, 14, 15, 16, 17, 18, 19, 20, 21, 22, 23,  (24 partitions)
host: active partitions for iteration: 6: 0, 1, 2, 3, 4, 5, 15, 16, 17, 18, 19, 20, 21, 22, 23,  (15 partitions)
host: active partitions for iteration: 7: 17, 18, 19, 20, 22, 23,  (6 partitions)
host: active partitions for iteration: 8:  (0 partitions)
host: active partitions for iteration: 9:  (0 partitions)
host: active partitions for iteration: 10:  (0 partitions)
host: active partitions for iteration: 11:  (0 partitions)
host: active partitions for iteration: 12:  (0 partitions)
host: active partitions for iteration: 13:  (0 partitions)
host: active partitions for iteration: 14:  (0 partitions)
host: active partitions for iteration: 15:  (0 partitions)

[1m[37m#################################################################### ACTS in FPGA mode [16 iterations] ####################################################################[0m

[1m[37m-------------------------------- host: GAS iteration: ~0, launch_idx 0 (of 1), epoch 0, fpgas [0 - 0] started... --------------------------------[0m
host: launching acts [processing stage][GAS iteration: 0]: fpga: 0, start_pu: 0 [id_process: 0], size_pu: 24, start_pv: 0, size_pv: 2, start_gv: 0, size_gv: 24
host: launching acts [applying stage]: fpga: 0, start_pu: 0, size_pu: 24, start_pv: 0, size_pv: 2, start_gv: 0, size_gv: 24
host: launching acts [gathering stage]: fpga: 0, start_pu: 0, size_pu: 24, start_pv: 0, size_pv: 2, start_gv: 0, size_gv: 24
host: launching acts [importing stage]: --> importing upartition: 0 to 24 (num_import_partitions: 0, import_sz: 0)...
host: launching acts [exporting stage]: <-- exporting vpartition: 0 to 24  [FPGAs 0, ]... (num_export_partitions: 0, export_sz: 0)
[1m[37m>>> kernel time elapsed for iteration 0, launch_idx 0 : 1.00 ms, 1000.00 microsecs, [0m
[1m[37m>>> num edges processed (sz1): 0, num edges updated (sz2): 4718592 [0m
[1m[37m>>> average graph analytics throughput (MTEPS) = 0.00 MTEPS (0.00 BTEPS) [0m
[1m[37m>>> average graph update throughput (MTEPS) = 4718.59 MTEPS (4.72 BTEPS) [0m

[1m[37m-------------------------------- host: GAS iteration: ~0, launch_idx 0 (of 1), epoch 1, fpgas [0 - 0] started... --------------------------------[0m
host: launching acts [processing stage][GAS iteration: 0]: fpga: 0, start_pu: 0 [id_process: 0], size_pu: 24, start_pv: 0, size_pv: 2, start_gv: 0, size_gv: 24
host: launching acts [applying stage]: fpga: 0, start_pu: 0, size_pu: 24, start_pv: 0, size_pv: 2, start_gv: 0, size_gv: 24
host: launching acts [gathering stage]: fpga: 0, start_pu: 0, size_pu: 24, start_pv: 0, size_pv: 2, start_gv: 0, size_gv: 24
host: launching acts [importing stage]: --> importing upartition: 0 to 24 (num_import_partitions: 0, import_sz: 0)...
host: launching acts [exporting stage]: <-- exporting vpartition: 0 to 24  [FPGAs 0, ]... (num_export_partitions: 0, export_sz: 0)
[1m[37m>>> kernel time elapsed for iteration 0, launch_idx 0 : 2.00 ms, 2000.00 microsecs, [0m
[1m[37m>>> num edges processed (sz1): 4718592, num edges updated (sz2): 4718592 [0m
[1m[37m>>> average graph analytics throughput (MTEPS) = 2359.30 MTEPS (2.36 BTEPS) [0m
[1m[37m>>> average graph update throughput (MTEPS) = 2359.30 MTEPS (2.36 BTEPS) [0m

[1m[37m-------------------------------- host: GAS iteration: ~0, launch_idx 0 (of 1), epoch 2, fpgas [0 - 0] started... --------------------------------[0m
host: launching acts [processing stage][GAS iteration: 0]: fpga: 0, start_pu: 0 [id_process: 0], size_pu: 24, start_pv: 0, size_pv: 2, start_gv: 0, size_gv: 24
host: launching acts [applying stage]: fpga: 0, start_pu: 0, size_pu: 24, start_pv: 0, size_pv: 2, start_gv: 0, size_gv: 24
host: launching acts [gathering stage]: fpga: 0, start_pu: 0, size_pu: 24, start_pv: 0, size_pv: 2, start_gv: 0, size_gv: 24
host: launching acts [importing stage]: --> importing upartition: 0 to 24 (num_import_partitions: 0, import_sz: 0)...
host: launching acts [exporting stage]: <-- exporting vpartition: 0 to 24  [FPGAs 0, ]... (num_export_partitions: 0, export_sz: 0)
[1m[37m>>> kernel time elapsed for iteration 0, launch_idx 0 : 2.00 ms, 2000.00 microsecs, [0m
[1m[37m>>> num edges processed (sz1): 9437184, num edges updated (sz2): 4718592 [0m
[1m[37m>>> average graph analytics throughput (MTEPS) = 4718.59 MTEPS (4.72 BTEPS) [0m
[1m[37m>>> average graph update throughput (MTEPS) = 2359.30 MTEPS (2.36 BTEPS) [0m

[1m[37m-------------------------------- host: GAS iteration: ~0, launch_idx 0 (of 1), epoch 3, fpgas [0 - 0] started... --------------------------------[0m
host: launching acts [processing stage][GAS iteration: 0]: fpga: 0, start_pu: 0 [id_process: 0], size_pu: 24, start_pv: 0, size_pv: 2, start_gv: 0, size_gv: 24
host: launching acts [applying stage]: fpga: 0, start_pu: 0, size_pu: 24, start_pv: 0, size_pv: 2, start_gv: 0, size_gv: 24
host: launching acts [gathering stage]: fpga: 0, start_pu: 0, size_pu: 24, start_pv: 0, size_pv: 2, start_gv: 0, size_gv: 24
host: launching acts [importing stage]: --> importing upartition: 0 to 24 (num_import_partitions: 0, import_sz: 0)...
host: launching acts [exporting stage]: <-- exporting vpartition: 0 to 24  [FPGAs 0, ]... (num_export_partitions: 0, export_sz: 0)
[1m[37m>>> kernel time elapsed for iteration 0, launch_idx 0 : 2.00 ms, 2000.00 microsecs, [0m
[1m[37m>>> num edges processed (sz1): 14155776, num edges updated (sz2): 4718592 [0m
[1m[37m>>> average graph analytics throughput (MTEPS) = 7077.89 MTEPS (7.08 BTEPS) [0m
[1m[37m>>> average graph update throughput (MTEPS) = 2359.30 MTEPS (2.36 BTEPS) [0m

[1m[37m-------------------------------- host: GAS iteration: ~0, launch_idx 0 (of 1), epoch 4, fpgas [0 - 0] started... --------------------------------[0m
host: launching acts [processing stage][GAS iteration: 0]: fpga: 0, start_pu: 0 [id_process: 0], size_pu: 24, start_pv: 0, size_pv: 2, start_gv: 0, size_gv: 24
host: launching acts [applying stage]: fpga: 0, start_pu: 0, size_pu: 24, start_pv: 0, size_pv: 2, start_gv: 0, size_gv: 24
host: launching acts [gathering stage]: fpga: 0, start_pu: 0, size_pu: 24, start_pv: 0, size_pv: 2, start_gv: 0, size_gv: 24
host: launching acts [importing stage]: --> importing upartition: 0 to 24 (num_import_partitions: 0, import_sz: 0)...
host: launching acts [exporting stage]: <-- exporting vpartition: 0 to 24  [FPGAs 0, ]... (num_export_partitions: 0, export_sz: 0)
[1m[37m>>> kernel time elapsed for iteration 0, launch_idx 0 : 3.00 ms, 3000.00 microsecs, [0m
[1m[37m>>> num edges processed (sz1): 18874368, num edges updated (sz2): 4718592 [0m
[1m[37m>>> average graph analytics throughput (MTEPS) = 6291.46 MTEPS (6.29 BTEPS) [0m
[1m[37m>>> average graph update throughput (MTEPS) = 1572.86 MTEPS (1.57 BTEPS) [0m

[1m[37m-------------------------------- host: GAS iteration: ~0, launch_idx 0 (of 1), epoch 5, fpgas [0 - 0] started... --------------------------------[0m
host: launching acts [processing stage][GAS iteration: 0]: fpga: 0, start_pu: 0 [id_process: 0], size_pu: 24, start_pv: 0, size_pv: 2, start_gv: 0, size_gv: 24
host: launching acts [applying stage]: fpga: 0, start_pu: 0, size_pu: 24, start_pv: 0, size_pv: 2, start_gv: 0, size_gv: 24
host: launching acts [gathering stage]: fpga: 0, start_pu: 0, size_pu: 24, start_pv: 0, size_pv: 2, start_gv: 0, size_gv: 24
host: launching acts [importing stage]: --> importing upartition: 0 to 24 (num_import_partitions: 0, import_sz: 0)...
host: launching acts [exporting stage]: <-- exporting vpartition: 0 to 24  [FPGAs 0, ]... (num_export_partitions: 0, export_sz: 0)
[1m[37m>>> kernel time elapsed for iteration 0, launch_idx 0 : 3.00 ms, 3000.00 microsecs, [0m
[1m[37m>>> num edges processed (sz1): 23592960, num edges updated (sz2): 4718592 [0m
[1m[37m>>> average graph analytics throughput (MTEPS) = 7864.32 MTEPS (7.86 BTEPS) [0m
[1m[37m>>> average graph update throughput (MTEPS) = 1572.86 MTEPS (1.57 BTEPS) [0m

[1m[37m-------------------------------- host: GAS iteration: ~0, launch_idx 0 (of 1), epoch 6, fpgas [0 - 0] started... --------------------------------[0m
host: launching acts [processing stage][GAS iteration: 0]: fpga: 0, start_pu: 0 [id_process: 0], size_pu: 24, start_pv: 0, size_pv: 2, start_gv: 0, size_gv: 24
host: launching acts [applying stage]: fpga: 0, start_pu: 0, size_pu: 24, start_pv: 0, size_pv: 2, start_gv: 0, size_gv: 24
host: launching acts [gathering stage]: fpga: 0, start_pu: 0, size_pu: 24, start_pv: 0, size_pv: 2, start_gv: 0, size_gv: 24
host: launching acts [importing stage]: --> importing upartition: 0 to 24 (num_import_partitions: 0, import_sz: 0)...
host: launching acts [exporting stage]: <-- exporting vpartition: 0 to 24  [FPGAs 0, ]... (num_export_partitions: 0, export_sz: 0)
[1m[37m>>> kernel time elapsed for iteration 0, launch_idx 0 : 3.00 ms, 3000.00 microsecs, [0m
[1m[37m>>> num edges processed (sz1): 28311552, num edges updated (sz2): 4718592 [0m
[1m[37m>>> average graph analytics throughput (MTEPS) = 9437.18 MTEPS (9.44 BTEPS) [0m
[1m[37m>>> average graph update throughput (MTEPS) = 1572.86 MTEPS (1.57 BTEPS) [0m

[1m[37m-------------------------------- host: GAS iteration: ~0, launch_idx 0 (of 1), epoch 7, fpgas [0 - 0] started... --------------------------------[0m
host: launching acts [processing stage][GAS iteration: 0]: fpga: 0, start_pu: 0 [id_process: 0], size_pu: 24, start_pv: 0, size_pv: 2, start_gv: 0, size_gv: 24
host: launching acts [applying stage]: fpga: 0, start_pu: 0, size_pu: 24, start_pv: 0, size_pv: 2, start_gv: 0, size_gv: 24
host: launching acts [gathering stage]: fpga: 0, start_pu: 0, size_pu: 24, start_pv: 0, size_pv: 2, start_gv: 0, size_gv: 24
host: launching acts [importing stage]: --> importing upartition: 0 to 24 (num_import_partitions: 0, import_sz: 0)...
host: launching acts [exporting stage]: <-- exporting vpartition: 0 to 24  [FPGAs 0, ]... (num_export_partitions: 0, export_sz: 0)
[1m[37m>>> kernel time elapsed for iteration 0, launch_idx 0 : 4.00 ms, 4000.00 microsecs, [0m
[1m[37m>>> num edges processed (sz1): 33030144, num edges updated (sz2): 4718592 [0m
[1m[37m>>> average graph analytics throughput (MTEPS) = 8257.54 MTEPS (8.26 BTEPS) [0m
[1m[37m>>> average graph update throughput (MTEPS) = 1179.65 MTEPS (1.18 BTEPS) [0m

[1m[37m-------------------------------- host: GAS iteration: ~0, launch_idx 0 (of 1), epoch 8, fpgas [0 - 0] started... --------------------------------[0m
host: launching acts [processing stage][GAS iteration: 0]: fpga: 0, start_pu: 0 [id_process: 0], size_pu: 24, start_pv: 0, size_pv: 2, start_gv: 0, size_gv: 24
host: launching acts [applying stage]: fpga: 0, start_pu: 0, size_pu: 24, start_pv: 0, size_pv: 2, start_gv: 0, size_gv: 24
host: launching acts [gathering stage]: fpga: 0, start_pu: 0, size_pu: 24, start_pv: 0, size_pv: 2, start_gv: 0, size_gv: 24
host: launching acts [importing stage]: --> importing upartition: 0 to 24 (num_import_partitions: 0, import_sz: 0)...
host: launching acts [exporting stage]: <-- exporting vpartition: 0 to 24  [FPGAs 0, ]... (num_export_partitions: 0, export_sz: 0)
[1m[37m>>> kernel time elapsed for iteration 0, launch_idx 0 : 4.00 ms, 4000.00 microsecs, [0m
[1m[37m>>> num edges processed (sz1): 37748736, num edges updated (sz2): 4718592 [0m
[1m[37m>>> average graph analytics throughput (MTEPS) = 9437.18 MTEPS (9.44 BTEPS) [0m
[1m[37m>>> average graph update throughput (MTEPS) = 1179.65 MTEPS (1.18 BTEPS) [0m

[1m[37m-------------------------------- host: GAS iteration: ~0, launch_idx 0 (of 1), epoch 9, fpgas [0 - 0] started... --------------------------------[0m
host: launching acts [processing stage][GAS iteration: 0]: fpga: 0, start_pu: 0 [id_process: 0], size_pu: 24, start_pv: 0, size_pv: 2, start_gv: 0, size_gv: 24
host: launching acts [applying stage]: fpga: 0, start_pu: 0, size_pu: 24, start_pv: 0, size_pv: 2, start_gv: 0, size_gv: 24
host: launching acts [gathering stage]: fpga: 0, start_pu: 0, size_pu: 24, start_pv: 0, size_pv: 2, start_gv: 0, size_gv: 24
host: launching acts [importing stage]: --> importing upartition: 0 to 24 (num_import_partitions: 0, import_sz: 0)...
host: launching acts [exporting stage]: <-- exporting vpartition: 0 to 24  [FPGAs 0, ]... (num_export_partitions: 0, export_sz: 0)
[1m[37m>>> kernel time elapsed for iteration 0, launch_idx 0 : 4.00 ms, 4000.00 microsecs, [0m
[1m[37m>>> num edges processed (sz1): 42467328, num edges updated (sz2): 4718592 [0m
[1m[37m>>> average graph analytics throughput (MTEPS) = 10616.83 MTEPS (10.62 BTEPS) [0m
[1m[37m>>> average graph update throughput (MTEPS) = 1179.65 MTEPS (1.18 BTEPS) [0m

[1m[37m-------------------------------- host: GAS iteration: ~0, launch_idx 0 (of 1), epoch 10, fpgas [0 - 0] started... --------------------------------[0m
host: launching acts [processing stage][GAS iteration: 0]: fpga: 0, start_pu: 0 [id_process: 0], size_pu: 24, start_pv: 0, size_pv: 2, start_gv: 0, size_gv: 24
host: launching acts [applying stage]: fpga: 0, start_pu: 0, size_pu: 24, start_pv: 0, size_pv: 2, start_gv: 0, size_gv: 24
host: launching acts [gathering stage]: fpga: 0, start_pu: 0, size_pu: 24, start_pv: 0, size_pv: 2, start_gv: 0, size_gv: 24
host: launching acts [importing stage]: --> importing upartition: 0 to 24 (num_import_partitions: 0, import_sz: 0)...
host: launching acts [exporting stage]: <-- exporting vpartition: 0 to 24  [FPGAs 0, ]... (num_export_partitions: 0, export_sz: 0)
[1m[37m>>> kernel time elapsed for iteration 0, launch_idx 0 : 5.00 ms, 5000.00 microsecs, [0m
[1m[37m>>> num edges processed (sz1): 47185920, num edges updated (sz2): 4718592 [0m
[1m[37m>>> average graph analytics throughput (MTEPS) = 9437.18 MTEPS (9.44 BTEPS) [0m
[1m[37m>>> average graph update throughput (MTEPS) = 943.72 MTEPS (0.94 BTEPS) [0m

[1m[37m-------------------------------- host: GAS iteration: ~0, launch_idx 0 (of 1), epoch 11, fpgas [0 - 0] started... --------------------------------[0m
host: launching acts [processing stage][GAS iteration: 0]: fpga: 0, start_pu: 0 [id_process: 0], size_pu: 24, start_pv: 0, size_pv: 2, start_gv: 0, size_gv: 24
host: launching acts [applying stage]: fpga: 0, start_pu: 0, size_pu: 24, start_pv: 0, size_pv: 2, start_gv: 0, size_gv: 24
host: launching acts [gathering stage]: fpga: 0, start_pu: 0, size_pu: 24, start_pv: 0, size_pv: 2, start_gv: 0, size_gv: 24
host: launching acts [importing stage]: --> importing upartition: 0 to 24 (num_import_partitions: 0, import_sz: 0)...
host: launching acts [exporting stage]: <-- exporting vpartition: 0 to 24  [FPGAs 0, ]... (num_export_partitions: 0, export_sz: 0)
[1m[37m>>> kernel time elapsed for iteration 0, launch_idx 0 : 5.00 ms, 5000.00 microsecs, [0m
[1m[37m>>> num edges processed (sz1): 51904512, num edges updated (sz2): 4718592 [0m
[1m[37m>>> average graph analytics throughput (MTEPS) = 10380.90 MTEPS (10.38 BTEPS) [0m
[1m[37m>>> average graph update throughput (MTEPS) = 943.72 MTEPS (0.94 BTEPS) [0m

[1m[37m-------------------------------- host: GAS iteration: ~0, launch_idx 0 (of 1), epoch 12, fpgas [0 - 0] started... --------------------------------[0m
host: launching acts [processing stage][GAS iteration: 0]: fpga: 0, start_pu: 0 [id_process: 0], size_pu: 24, start_pv: 0, size_pv: 2, start_gv: 0, size_gv: 24
host: launching acts [applying stage]: fpga: 0, start_pu: 0, size_pu: 24, start_pv: 0, size_pv: 2, start_gv: 0, size_gv: 24
host: launching acts [gathering stage]: fpga: 0, start_pu: 0, size_pu: 24, start_pv: 0, size_pv: 2, start_gv: 0, size_gv: 24
host: launching acts [importing stage]: --> importing upartition: 0 to 24 (num_import_partitions: 0, import_sz: 0)...
host: launching acts [exporting stage]: <-- exporting vpartition: 0 to 24  [FPGAs 0, ]... (num_export_partitions: 0, export_sz: 0)
[1m[37m>>> kernel time elapsed for iteration 0, launch_idx 0 : 5.00 ms, 5000.00 microsecs, [0m
[1m[37m>>> num edges processed (sz1): 56623104, num edges updated (sz2): 4718592 [0m
[1m[37m>>> average graph analytics throughput (MTEPS) = 11324.62 MTEPS (11.32 BTEPS) [0m
[1m[37m>>> average graph update throughput (MTEPS) = 943.72 MTEPS (0.94 BTEPS) [0m

[1m[37m-------------------------------- host: GAS iteration: ~0, launch_idx 0 (of 1), epoch 13, fpgas [0 - 0] started... --------------------------------[0m
host: launching acts [processing stage][GAS iteration: 0]: fpga: 0, start_pu: 0 [id_process: 0], size_pu: 24, start_pv: 0, size_pv: 2, start_gv: 0, size_gv: 24
host: launching acts [applying stage]: fpga: 0, start_pu: 0, size_pu: 24, start_pv: 0, size_pv: 2, start_gv: 0, size_gv: 24
host: launching acts [gathering stage]: fpga: 0, start_pu: 0, size_pu: 24, start_pv: 0, size_pv: 2, start_gv: 0, size_gv: 24
host: launching acts [importing stage]: --> importing upartition: 0 to 24 (num_import_partitions: 0, import_sz: 0)...
host: launching acts [exporting stage]: <-- exporting vpartition: 0 to 24  [FPGAs 0, ]... (num_export_partitions: 0, export_sz: 0)
[1m[37m>>> kernel time elapsed for iteration 0, launch_idx 0 : 6.00 ms, 6000.00 microsecs, [0m
[1m[37m>>> num edges processed (sz1): 61341696, num edges updated (sz2): 4718592 [0m
[1m[37m>>> average graph analytics throughput (MTEPS) = 10223.62 MTEPS (10.22 BTEPS) [0m
[1m[37m>>> average graph update throughput (MTEPS) = 786.43 MTEPS (0.79 BTEPS) [0m

[1m[37m-------------------------------- host: GAS iteration: ~0, launch_idx 0 (of 1), epoch 14, fpgas [0 - 0] started... --------------------------------[0m
host: launching acts [processing stage][GAS iteration: 0]: fpga: 0, start_pu: 0 [id_process: 0], size_pu: 24, start_pv: 0, size_pv: 2, start_gv: 0, size_gv: 24
host: launching acts [applying stage]: fpga: 0, start_pu: 0, size_pu: 24, start_pv: 0, size_pv: 2, start_gv: 0, size_gv: 24
host: launching acts [gathering stage]: fpga: 0, start_pu: 0, size_pu: 24, start_pv: 0, size_pv: 2, start_gv: 0, size_gv: 24
host: launching acts [importing stage]: --> importing upartition: 0 to 24 (num_import_partitions: 0, import_sz: 0)...
host: launching acts [exporting stage]: <-- exporting vpartition: 0 to 24  [FPGAs 0, ]... (num_export_partitions: 0, export_sz: 0)
[1m[37m>>> kernel time elapsed for iteration 0, launch_idx 0 : 6.00 ms, 6000.00 microsecs, [0m
[1m[37m>>> num edges processed (sz1): 66060288, num edges updated (sz2): 4718592 [0m
[1m[37m>>> average graph analytics throughput (MTEPS) = 11010.05 MTEPS (11.01 BTEPS) [0m
[1m[37m>>> average graph update throughput (MTEPS) = 786.43 MTEPS (0.79 BTEPS) [0m

[1m[37m-------------------------------- host: GAS iteration: ~0, launch_idx 0 (of 1), epoch 15, fpgas [0 - 0] started... --------------------------------[0m
host: launching acts [processing stage][GAS iteration: 0]: fpga: 0, start_pu: 0 [id_process: 0], size_pu: 24, start_pv: 0, size_pv: 2, start_gv: 0, size_gv: 24
host: launching acts [applying stage]: fpga: 0, start_pu: 0, size_pu: 24, start_pv: 0, size_pv: 2, start_gv: 0, size_gv: 24
host: launching acts [gathering stage]: fpga: 0, start_pu: 0, size_pu: 24, start_pv: 0, size_pv: 2, start_gv: 0, size_gv: 24
host: launching acts [importing stage]: --> importing upartition: 0 to 24 (num_import_partitions: 0, import_sz: 0)...
host: launching acts [exporting stage]: <-- exporting vpartition: 0 to 24  [FPGAs 0, ]... (num_export_partitions: 0, export_sz: 0)
[1m[37m>>> kernel time elapsed for iteration 0, launch_idx 0 : 6.00 ms, 6000.00 microsecs, [0m
[1m[37m>>> num edges processed (sz1): 70778880, num edges updated (sz2): 4718592 [0m
[1m[37m>>> average graph analytics throughput (MTEPS) = 11796.48 MTEPS (11.80 BTEPS) [0m
[1m[37m>>> average graph update throughput (MTEPS) = 786.43 MTEPS (0.79 BTEPS) [0m
[1m[37m>>> total kernel time elapsed for current iteration : 71.00 ms, 71000.00 microsecs, [0m
-------------------------+++++++++++++++++++++++++++--------------------- num_iterations_dense: 16, num_iterations: 16
Waiting...
[1m[37m>>> total kernel time elapsed for all iterations : 71.00 ms, 71000.00 microsecs, [0m
host:: number of active vertices in iteration 0: 1
host:: number of active vertices in iteration 1: 12
host:: number of active vertices in iteration 2: 469
host:: number of active vertices in iteration 3: 26611
host:: number of active vertices in iteration 4: 777010
host:: number of active vertices in iteration 5: 2241219
host:: number of active vertices in iteration 6: 26631
host:: number of active vertices in iteration 7: 487
host:: number of active vertices in iteration 8: 0
host:: number of active vertices in iteration 9: 0
host:: number of active vertices in iteration 10: 0
host:: number of active vertices in iteration 11: 0
host:: number of active vertices in iteration 12: 0
host:: number of active vertices in iteration 13: 0
host:: number of active vertices in iteration 14: 0
host:: number of active vertices in iteration 15: 0
host:: total: 3072440
host:: number of edges processed in iteration 0: 12
host:: number of edges processed in iteration 1: 561
host:: number of edges processed in iteration 2: 36419
host:: number of edges processed in iteration 3: 2588347
host:: number of edges processed in iteration 4: 49180934
host:: number of edges processed in iteration 5: 65239260
host:: number of edges processed in iteration 6: 139441
host:: number of edges processed in iteration 7: 109
host:: number of edges processed in iteration 8: 0
host:: number of edges processed in iteration 9: 0
host:: number of edges processed in iteration 10: 0
host:: number of edges processed in iteration 11: 0
host:: number of edges processed in iteration 12: 0
host:: number of edges processed in iteration 13: 0
host:: number of edges processed in iteration 14: 0
host:: number of edges processed in iteration 15: 0
host:: total # edges processed across entire run: 117185083
[READ_FRONTIERS, PROCESSEDGES, READ_DESTS, APPLYUPDATES, COLLECT_FRONTIERS, SAVE_DEST, GATHER_FRONTIERS]
>>> [*0, *0, *0, *0, *0, *0, *0][Per FPGA / iteration]
[NUMBER_OF_EDGE_INSERTIONS, NUMBER_OF_EDGE_UPDATINGS, NUMBER_OF_EDGE_DELETIONS]
>>> [*0, *0, *0, ][Per FPGA / iteration]
[IMPORT_BATCH_SIZE, EXPORT_BATCH_SIZE, NUM_UPARTITIONS, NUM_APPLYPARTITIONS]
>>> [*0, *0, *0, *0, *24, *2, ][Per FPGA / iteration]
[1m[37m>>> total processing achieved in 15 'iterations' | versus ideal 16 GAS iterations[0m
host:: FPGA-Only mode
--- 3073442 active vertices processed in iteration 0 in 4 ms  [FPGA]
--- 3073442 active vertices processed in iteration 1 in 4 ms  [FPGA]
--- 3073442 active vertices processed in iteration 2 in 4 ms  [FPGA]
--- 3073442 active vertices processed in iteration 3 in 4 ms  [FPGA]
--- 3073442 active vertices processed in iteration 4 in 4 ms  [FPGA]
--- 3073442 active vertices processed in iteration 5 in 4 ms  [FPGA]
--- 3073442 active vertices processed in iteration 6 in 4 ms  [FPGA]
--- 3073442 active vertices processed in iteration 7 in 4 ms  [FPGA]
--- 3073442 active vertices processed in iteration 8 in 4 ms  [FPGA]
--- 3073442 active vertices processed in iteration 9 in 4 ms  [FPGA]
--- 3073442 active vertices processed in iteration 10 in 4 ms  [FPGA]
--- 3073442 active vertices processed in iteration 11 in 4 ms  [FPGA]
--- 3073442 active vertices processed in iteration 12 in 4 ms  [FPGA]
--- 3073442 active vertices processed in iteration 13 in 4 ms  [FPGA]
--- 3073442 active vertices processed in iteration 14 in 4 ms  [FPGA]
--- 3073442 active vertices processed in iteration 15 in 4 ms  [FPGA]

[1m[37m>>> : Total # edges processed: 117187083, time elapsed per iteration = 4.44 ms [0m
[1m[37m>>> : Average Throughput (MTEPS) = 26408.36 MTEPS, Throughput (BTEPS) = 26.41 BTEPS [0m
[1m[37m>>> : Average Edge-update Throughput (MUEPS) = 1063.34 MUEPS, Throughput (BTEPS) = 1.06 BTEPS [0m
Getting Results (Device to Host)...
Copying data @ center channel 0 (Device to Host)...
Copying data @ center channel 1 (Device to Host)...
>>> read-from-FPGA time elapsed : 45.00 ms, 45000.00 microsecs, 
Waiting...
host::run:: Graph: /home/oj2zf/Documents/dataset/com-Orkut/com-Orkut.mtx ran successfully.
TEST PASSED

TEST FINISHED
HOSTPROCESS:: FINISHED RUNNING 0
[1m[37m>>> HOSTPROCESS:: TIMING SUMMARY: TOTAL TIME ELAPSED: : Time Elapsed = 95599659209[nanao seconds](Iteration 666)[0m
[1m[37m>>> HOSTPROCESS:: TIMING SUMMARY: TOTAL TIME ELAPSED: : Time Elapsed = 95599659[micro seconds](Iteration 666)[0m
[1m[37m>>> HOSTPROCESS:: TIMING SUMMARY: TOTAL TIME ELAPSED: : Time Elapsed = 95599[milli seconds](Iteration 666)[0m
[1m[37m>>> HOSTPROCESS:: TIMING SUMMARY: TOTAL TIME ELAPSED: : Time Elapsed = 95[seconds](Iteration 666)[0m

