rm -rf ./host /{*sw_emu*,*hw_emu*} 
rm -rf profile_* TempConfig system_estimate.xtxt *.rpt *.csv 
rm -rf src/*.ll *v++* .Xil emconfig.json dltmp* xmltmp* *.log *.jou *.wcfg *.wdb
rm -rf build_dir*
rm -rf package.*
rm -rf _x* *xclbin.run_summary qemu-memory-_* emulation _vimage pl* start_simulation.sh
# -rm -rf _x* *xclbin.run_summary qemu-memory-_* emulation _vimage pl* start_simulation.sh *.xclbin
-------------------------------------------------- EVALUATE_DATASET.SH: SOFTWARE ACTS APPLICATION RUNNING --------------------------------------------------
python gen.py SW 0 12 1
ACTGraph (Courtesy: Jinja 2.0)...
Generating sources... 
XWARE: SW
RUNNING_SYNTHESIS: 0
NUM_PEs: 12
RUN_IN_ASYNC_MODE: 1
NUM_VALID_PEs: 1
NUM_VALID_HBM_CHANNELS: 1
EDGE_PACK_SIZE: 16
HBM_AXI_PACK_SIZE: 16
successful!
...
rm -rf ./host /{*sw_emu*,*hw_emu*} 
rm -rf profile_* TempConfig system_estimate.xtxt *.rpt *.csv 
rm -rf src/*.ll *v++* .Xil emconfig.json dltmp* xmltmp* *.log *.jou *.wcfg *.wdb
g++ host_srcs/hostprocess.cpp host_srcs/prepare_graph.cpp host_srcs/act_pack.cpp host_srcs/create_act_pack.cpp host_srcs/app.cpp host_srcs/utility.cpp host_srcs/algorithm.cpp host_srcs/host.cpp acts_templates/acts_kernel.cpp -std=c++11 -pthread -march=native -lrt -o host
pagerank algorithm running...: dataset: twitter7, num fpgas: 4, xclbin: outputs/vector_addition_static_x1.xclbin num_iterations: 16
Hostprocess:: Graph Analytics Started...
app::run:: app algo started. (algo: pr, numiterations: 16, rootvid: 1, graph path: /home/oj2zf/Documents/dataset/twitter7/twitter7.mtx, graph dir: 0, _binaryFile1: outputs/vector_addition_static_x1.xclbin)
app: initializing HBM_axichannels...
